{
  "stats": {
    "suites": 1,
    "tests": 1,
    "passes": 1,
    "pending": 0,
    "failures": 0,
    "start": "2024-11-10T21:24:32.331Z",
    "end": "2024-11-10T21:25:04.400Z",
    "duration": 32069,
    "testsRegistered": 1,
    "passPercent": 100,
    "pendingPercent": 0,
    "other": 0,
    "hasOther": false,
    "skipped": 0,
    "hasSkipped": false
  },
  "results": [
    {
      "uuid": "e70e0a9b-996b-4f73-99a1-a09829c64d40",
      "title": "",
      "fullFile": "cypress\\e2e\\exportReports.cy.ts",
      "file": "cypress\\e2e\\exportReports.cy.ts",
      "beforeHooks": [],
      "afterHooks": [],
      "tests": [],
      "suites": [
        {
          "uuid": "08385acd-fecc-4743-a971-d64f44d8669a",
          "title": "Download a working time report",
          "fullFile": "",
          "file": "",
          "beforeHooks": [],
          "afterHooks": [],
          "tests": [
            {
              "title": "It should be possible to go to exports and generate working time report",
              "fullTitle": "Download a working time report It should be possible to go to exports and generate working time report",
              "timedOut": null,
              "duration": 31722,
              "state": "passed",
              "speed": "slow",
              "pass": true,
              "fail": false,
              "pending": false,
              "context": null,
              "code": "sideBarMenu.clickMenuExportIcon();\ncy.generateReport(test_data_1.REPORTS.SUMMARY_TIME_REPORT);\ndatePicker.selectReportDateRange(testData.start, testData.end);\nreportPage.clickClearEmployeeFilter();\nreportPage.clickSelectEmployee();\nreportPage.selectEmployee(testData.employeeName);\nreportPage.checkAllCheckboxes();\nreportPage.clickConfirmExport();\nreportPage.clickOnDownloadWidget();\ncy.compareExcelFiles(compareExcelFiles_1.paths.template, compareExcelFiles_1.paths.downloaded);\nreportPage.clickOnHistoryHeader();\nreportPage.findGeneratedReport(testData.start, testData.end).should('be.visible');",
              "err": {},
              "uuid": "428f2e6f-64d1-4c43-a5b8-90d6b63d826a",
              "parentUUID": "08385acd-fecc-4743-a971-d64f44d8669a",
              "isHook": false,
              "skipped": false
            }
          ],
          "suites": [],
          "passes": [
            "428f2e6f-64d1-4c43-a5b8-90d6b63d826a"
          ],
          "failures": [],
          "pending": [],
          "skipped": [],
          "duration": 31722,
          "root": false,
          "rootEmpty": false,
          "_timeout": 2000
        }
      ],
      "passes": [],
      "failures": [],
      "pending": [],
      "skipped": [],
      "duration": 0,
      "root": true,
      "rootEmpty": true,
      "_timeout": 2000
    }
  ],
  "meta": {
    "mocha": {
      "version": "7.0.1"
    },
    "mochawesome": {
      "options": {
        "quiet": false,
        "reportFilename": "mochawesome",
        "saveHtml": false,
        "saveJson": true,
        "consoleReporter": "spec",
        "useInlineDiffs": false,
        "code": true
      },
      "version": "7.1.3"
    },
    "marge": {
      "options": {
        "reportDir": "cypress/results/json_reports",
        "overwrite": false,
        "html": false,
        "json": true,
        "screenshotsFolder": "cypress/results/screenshots",
        "attachments": true
      },
      "version": "6.2.0"
    }
  }
}