{
  "stats": {
    "suites": 1,
    "tests": 1,
    "passes": 1,
    "pending": 0,
    "failures": 0,
    "start": "2024-11-10T21:23:49.723Z",
    "end": "2024-11-10T21:24:23.205Z",
    "duration": 33482,
    "testsRegistered": 1,
    "passPercent": 100,
    "pendingPercent": 0,
    "other": 0,
    "hasOther": false,
    "skipped": 0,
    "hasSkipped": false
  },
  "results": [
    {
      "uuid": "e74ee83c-32c2-46ea-a0a3-0d95bd07fbab",
      "title": "",
      "fullFile": "cypress\\e2e\\changeEmployeeSchedule.cy.ts",
      "file": "cypress\\e2e\\changeEmployeeSchedule.cy.ts",
      "beforeHooks": [],
      "afterHooks": [],
      "tests": [],
      "suites": [
        {
          "uuid": "b883423d-90ec-4a58-9160-743ec3243f1a",
          "title": "Change employee schedule",
          "fullFile": "",
          "file": "",
          "beforeHooks": [],
          "afterHooks": [],
          "tests": [
            {
              "title": "It should be possible to make changes in employee schedule",
              "fullTitle": "Change employee schedule It should be possible to make changes in employee schedule",
              "timedOut": null,
              "duration": 25972,
              "state": "passed",
              "speed": "slow",
              "pass": true,
              "fail": false,
              "pending": false,
              "context": null,
              "code": "sideBarMenu.clickScheduleIcon();\ndatePicker.selectWorkScheduleDateRange(testData.start, testData.end);\nscheduleTable.selectSchedule({\n    startDate: testData.start,\n    endDate: testData.end,\n    employeeName: testData.employeeName,\n    dayToChange: testData.dayToChange\n});\nschedulePage.selectWorkingHours(testData.hours);\nschedulePage.verifyChanges(testData.employeeName)\n    .should('be.visible');",
              "err": {},
              "uuid": "575d5302-2058-43f5-8d86-ce610fd464cd",
              "parentUUID": "b883423d-90ec-4a58-9160-743ec3243f1a",
              "isHook": false,
              "skipped": false
            }
          ],
          "suites": [],
          "passes": [
            "575d5302-2058-43f5-8d86-ce610fd464cd"
          ],
          "failures": [],
          "pending": [],
          "skipped": [],
          "duration": 25972,
          "root": false,
          "rootEmpty": false,
          "_timeout": 2000
        }
      ],
      "passes": [],
      "failures": [],
      "pending": [],
      "skipped": [],
      "duration": 0,
      "root": true,
      "rootEmpty": true,
      "_timeout": 2000
    }
  ],
  "meta": {
    "mocha": {
      "version": "7.0.1"
    },
    "mochawesome": {
      "options": {
        "quiet": false,
        "reportFilename": "mochawesome",
        "saveHtml": false,
        "saveJson": true,
        "consoleReporter": "spec",
        "useInlineDiffs": false,
        "code": true
      },
      "version": "7.1.3"
    },
    "marge": {
      "options": {
        "reportDir": "cypress/results/json_reports",
        "overwrite": false,
        "html": false,
        "json": true,
        "screenshotsFolder": "cypress/results/screenshots",
        "attachments": true
      },
      "version": "6.2.0"
    }
  }
}