{
  "stats": {
    "suites": 1,
    "tests": 1,
    "passes": 1,
    "pending": 0,
    "failures": 0,
    "start": "2024-12-01T11:49:58.677Z",
    "end": "2024-12-01T11:50:30.139Z",
    "duration": 31462,
    "testsRegistered": 1,
    "passPercent": 100,
    "pendingPercent": 0,
    "other": 0,
    "hasOther": false,
    "skipped": 0,
    "hasSkipped": false
  },
  "results": [
    {
      "uuid": "71e3c6f2-0f84-4c02-b3d3-8fe9092ff919",
      "title": "",
      "fullFile": "cypress\\e2e\\addAbsenceRequest.cy.ts",
      "file": "cypress\\e2e\\addAbsenceRequest.cy.ts",
      "beforeHooks": [],
      "afterHooks": [],
      "tests": [],
      "suites": [
        {
          "uuid": "293fb6bb-d7f1-4a69-af03-86060af39f7a",
          "title": "Add absence request",
          "fullFile": "",
          "file": "",
          "beforeHooks": [],
          "afterHooks": [],
          "tests": [
            {
              "title": "It should be possible to add new absence request and accept it",
              "fullTitle": "Add absence request It should be possible to add new absence request and accept it",
              "timedOut": null,
              "duration": 27843,
              "state": "passed",
              "speed": "slow",
              "pass": true,
              "fail": false,
              "pending": false,
              "context": null,
              "code": "sideBarMenu.clickAbsenceIcon();\nabsencePage.clickOnAddAbsenceButton();\ncy.selectDropdownElement({\n    label: absenceData.labelEmployee,\n    value: absenceData.employeeName\n});\ncy.selectDropdownElement({\n    label: absenceData.labelType,\n    value: absenceData.absenceType\n});\ndatePicker.selectAbsenceDateRange(absenceData.start, absenceData.end);\nabsencePage.checkAbsenceRequestSubmitted(absenceData.employeeName)\n    .should('be.visible');\nabsencePage.clickOnAcceptRequestButton(absenceData.employeeName, absenceData.options);\nabsencePage.getConfirmationAbsenceRequest(absenceData.employeeName)\n    .should('be.visible')\n    .and('contain', 'Zaakceptowany');",
              "err": {},
              "uuid": "f23cbe2b-c628-4a5c-b1bf-69733d4818f9",
              "parentUUID": "293fb6bb-d7f1-4a69-af03-86060af39f7a",
              "isHook": false,
              "skipped": false
            }
          ],
          "suites": [],
          "passes": [
            "f23cbe2b-c628-4a5c-b1bf-69733d4818f9"
          ],
          "failures": [],
          "pending": [],
          "skipped": [],
          "duration": 27843,
          "root": false,
          "rootEmpty": false,
          "_timeout": 2000
        }
      ],
      "passes": [],
      "failures": [],
      "pending": [],
      "skipped": [],
      "duration": 0,
      "root": true,
      "rootEmpty": true,
      "_timeout": 2000
    }
  ],
  "meta": {
    "mocha": {
      "version": "7.0.1"
    },
    "mochawesome": {
      "options": {
        "quiet": false,
        "reportFilename": "mochawesome",
        "saveHtml": false,
        "saveJson": true,
        "consoleReporter": "spec",
        "useInlineDiffs": false,
        "code": true
      },
      "version": "7.1.3"
    },
    "marge": {
      "options": {
        "reportDir": "cypress/results/json_reports",
        "overwrite": false,
        "html": false,
        "json": true,
        "screenshotsFolder": "cypress/results/screenshots",
        "attachments": true
      },
      "version": "6.2.0"
    }
  }
}