{
  "stats": {
    "suites": 1,
    "tests": 1,
    "passes": 1,
    "pending": 0,
    "failures": 0,
    "start": "2024-10-28T15:55:18.660Z",
    "end": "2024-10-28T15:55:38.577Z",
    "duration": 19917,
    "testsRegistered": 1,
    "passPercent": 100,
    "pendingPercent": 0,
    "other": 0,
    "hasOther": false,
    "skipped": 0,
    "hasSkipped": false
  },
  "results": [
    {
      "uuid": "6b52e7ac-7071-438c-ac76-d52829fce965",
      "title": "",
      "fullFile": "cypress\\e2e\\addNewEmployee.cy.ts",
      "file": "cypress\\e2e\\addNewEmployee.cy.ts",
      "beforeHooks": [],
      "afterHooks": [],
      "tests": [],
      "suites": [
        {
          "uuid": "bcaa2bd6-eed1-44af-9638-784e9fe1e7c2",
          "title": "Adding new employee functionality in 'Moja Firma' menu",
          "fullFile": "",
          "file": "",
          "beforeHooks": [],
          "afterHooks": [],
          "tests": [
            {
              "title": "It should be possible to add new employee via side bar's menu 'Moja Firma' ",
              "fullTitle": "Adding new employee functionality in 'Moja Firma' menu It should be possible to add new employee via side bar's menu 'Moja Firma' ",
              "timedOut": null,
              "duration": 17812,
              "state": "passed",
              "speed": "slow",
              "pass": true,
              "fail": false,
              "pending": false,
              "context": null,
              "code": "sideBarMenu.clickCompanyManageIcon();\naddEmployee.clickAddEmployeeButton();\naddEmployee.addEmployeeCredentials(testData.firstName, testData.lastName);\ncy.selectDropdownElement({\n    label: testData.labelRole,\n    value: testData.role\n});\naddEmployee.selectLocation(testData.location);\naddEmployee.selectJob(testData.job);\naddEmployee.clickOnSaveButton();\naddEmployee.checkAddedEmployee(testData.lastName)\n    .should('contain', `${testData.firstName} ${testData.lastName}`);",
              "err": {},
              "uuid": "f9470183-1ce3-4db4-89ad-b09cc79f034c",
              "parentUUID": "bcaa2bd6-eed1-44af-9638-784e9fe1e7c2",
              "isHook": false,
              "skipped": false
            }
          ],
          "suites": [],
          "passes": [
            "f9470183-1ce3-4db4-89ad-b09cc79f034c"
          ],
          "failures": [],
          "pending": [],
          "skipped": [],
          "duration": 17812,
          "root": false,
          "rootEmpty": false,
          "_timeout": 2000
        }
      ],
      "passes": [],
      "failures": [],
      "pending": [],
      "skipped": [],
      "duration": 0,
      "root": true,
      "rootEmpty": true,
      "_timeout": 2000
    }
  ],
  "meta": {
    "mocha": {
      "version": "7.0.1"
    },
    "mochawesome": {
      "options": {
        "quiet": false,
        "reportFilename": "mochawesome",
        "saveHtml": false,
        "saveJson": true,
        "consoleReporter": "spec",
        "useInlineDiffs": false,
        "code": true
      },
      "version": "7.1.3"
    },
    "marge": {
      "options": {
        "reportDir": "cypress/results/json_reports",
        "overwrite": false,
        "html": false,
        "json": true,
        "screenshotsFolder": "cypress/results/screenshots",
        "attachments": true
      },
      "version": "6.2.0"
    }
  }
}