{
  "stats": {
    "suites": 1,
    "tests": 1,
    "passes": 1,
    "pending": 0,
    "failures": 0,
    "start": "2024-10-28T15:56:11.376Z",
    "end": "2024-10-28T15:58:19.928Z",
    "duration": 128552,
    "testsRegistered": 1,
    "passPercent": 100,
    "pendingPercent": 0,
    "other": 0,
    "hasOther": false,
    "skipped": 0,
    "hasSkipped": false
  },
  "results": [
    {
      "uuid": "85fe16d3-2dc0-4476-ab40-d0c0d1a43734",
      "title": "",
      "fullFile": "cypress\\e2e\\exportReports.cy.ts",
      "file": "cypress\\e2e\\exportReports.cy.ts",
      "beforeHooks": [],
      "afterHooks": [],
      "tests": [],
      "suites": [
        {
          "uuid": "3e6f7bfb-da60-4b3e-a624-49405ae76d5f",
          "title": "Download a working time report",
          "fullFile": "",
          "file": "",
          "beforeHooks": [],
          "afterHooks": [],
          "tests": [
            {
              "title": "It should be possible to go to exports and generate working time report",
              "fullTitle": "Download a working time report It should be possible to go to exports and generate working time report",
              "timedOut": null,
              "duration": 53193,
              "state": "passed",
              "speed": "slow",
              "pass": true,
              "fail": false,
              "pending": false,
              "context": null,
              "code": "cy.login(Cypress.env(\"Login\"), Cypress.env(\"Password\"));\ncy.wait(30000);\nsideBarMenu.clickMenuExportIcon();\ncy.generateReport(test_data_1.REPORTS.SUMMARY_TIME_REPORT);\ncy.selectDateRangeReport(testData.start, testData.end);\nreportPage.clickClearEmployeeFilter();\nreportPage.clickSelectEmployee();\nreportPage.selectEmployee(testData.employeeName);\nreportPage.checkAllCheckboxes();\nreportPage.clickConfirmExport();\nreportPage.clickOnDownloadWidged();\nreportPage.clickOnHistoryHeader();\nreportPage.findGeneratedReport(testData.start, testData.end);",
              "err": {},
              "uuid": "be8fb680-1d39-4791-a793-fcbbd329446f",
              "parentUUID": "3e6f7bfb-da60-4b3e-a624-49405ae76d5f",
              "isHook": false,
              "skipped": false
            }
          ],
          "suites": [],
          "passes": [
            "be8fb680-1d39-4791-a793-fcbbd329446f"
          ],
          "failures": [],
          "pending": [],
          "skipped": [],
          "duration": 53193,
          "root": false,
          "rootEmpty": false,
          "_timeout": 2000
        }
      ],
      "passes": [],
      "failures": [],
      "pending": [],
      "skipped": [],
      "duration": 0,
      "root": true,
      "rootEmpty": true,
      "_timeout": 2000
    }
  ],
  "meta": {
    "mocha": {
      "version": "7.0.1"
    },
    "mochawesome": {
      "options": {
        "quiet": false,
        "reportFilename": "mochawesome",
        "saveHtml": false,
        "saveJson": true,
        "consoleReporter": "spec",
        "useInlineDiffs": false,
        "code": true
      },
      "version": "7.1.3"
    },
    "marge": {
      "options": {
        "reportDir": "cypress/results/json_reports",
        "overwrite": false,
        "html": false,
        "json": true,
        "screenshotsFolder": "cypress/results/screenshots",
        "attachments": true
      },
      "version": "6.2.0"
    }
  }
}