{
  "stats": {
    "suites": 1,
    "tests": 2,
    "passes": 2,
    "pending": 0,
    "failures": 0,
    "start": "2024-12-01T11:52:18.038Z",
    "end": "2024-12-01T11:52:34.768Z",
    "duration": 16730,
    "testsRegistered": 2,
    "passPercent": 100,
    "pendingPercent": 0,
    "other": 0,
    "hasOther": false,
    "skipped": 0,
    "hasSkipped": false
  },
  "results": [
    {
      "uuid": "53e7cbff-9693-46ce-8113-da32f7533040",
      "title": "",
      "fullFile": "cypress\\e2e\\login.cy.ts",
      "file": "cypress\\e2e\\login.cy.ts",
      "beforeHooks": [],
      "afterHooks": [],
      "tests": [],
      "suites": [
        {
          "uuid": "7347f300-5d12-44b4-9bb2-e03135dde8f0",
          "title": "Login page in Kadromierz web-app",
          "fullFile": "",
          "file": "",
          "beforeHooks": [],
          "afterHooks": [],
          "tests": [
            {
              "title": "I should successfully log in with valid credentials",
              "fullTitle": "Login page in Kadromierz web-app I should successfully log in with valid credentials",
              "timedOut": null,
              "duration": 13209,
              "state": "passed",
              "speed": "slow",
              "pass": true,
              "fail": false,
              "pending": false,
              "context": null,
              "code": "cy.login(Cypress.env(\"Login\"), Cypress.env(\"Password\"));\nmainPage.getWelcomeHeader()\n    .should('be.visible')\n    .and('contain', 'Dzień dobry');",
              "err": {},
              "uuid": "f4ec363f-9089-4af6-94db-0bcaea2f3897",
              "parentUUID": "7347f300-5d12-44b4-9bb2-e03135dde8f0",
              "isHook": false,
              "skipped": false
            },
            {
              "title": "Verify incorrect email address error handling with SQL injection",
              "fullTitle": "Login page in Kadromierz web-app Verify incorrect email address error handling with SQL injection",
              "timedOut": null,
              "duration": 3198,
              "state": "passed",
              "speed": "fast",
              "pass": true,
              "fail": false,
              "pending": false,
              "context": null,
              "code": "cy.login(\"' OR 1=1--\", \"admin\");\nloginPage.getFailedLoginMessage()\n    .should('be.visible')\n    .and('contain', 'Podany adres email jest niepoprawny');",
              "err": {},
              "uuid": "f4a0a52b-517c-4c16-b288-bd35935e5b95",
              "parentUUID": "7347f300-5d12-44b4-9bb2-e03135dde8f0",
              "isHook": false,
              "skipped": false
            }
          ],
          "suites": [],
          "passes": [
            "f4ec363f-9089-4af6-94db-0bcaea2f3897",
            "f4a0a52b-517c-4c16-b288-bd35935e5b95"
          ],
          "failures": [],
          "pending": [],
          "skipped": [],
          "duration": 16407,
          "root": false,
          "rootEmpty": false,
          "_timeout": 2000
        }
      ],
      "passes": [],
      "failures": [],
      "pending": [],
      "skipped": [],
      "duration": 0,
      "root": true,
      "rootEmpty": true,
      "_timeout": 2000
    }
  ],
  "meta": {
    "mocha": {
      "version": "7.0.1"
    },
    "mochawesome": {
      "options": {
        "quiet": false,
        "reportFilename": "mochawesome",
        "saveHtml": false,
        "saveJson": true,
        "consoleReporter": "spec",
        "useInlineDiffs": false,
        "code": true
      },
      "version": "7.1.3"
    },
    "marge": {
      "options": {
        "reportDir": "cypress/results/json_reports",
        "overwrite": false,
        "html": false,
        "json": true,
        "screenshotsFolder": "cypress/results/screenshots",
        "attachments": true
      },
      "version": "6.2.0"
    }
  }
}