{
  "stats": {
    "suites": 1,
    "tests": 1,
    "passes": 1,
    "pending": 0,
    "failures": 0,
    "start": "2024-10-28T15:58:24.577Z",
    "end": "2024-10-28T15:58:37.767Z",
    "duration": 13190,
    "testsRegistered": 1,
    "passPercent": 100,
    "pendingPercent": 0,
    "other": 0,
    "hasOther": false,
    "skipped": 0,
    "hasSkipped": false
  },
  "results": [
    {
      "uuid": "ee8b44fc-26d1-4aa7-87a6-a44142bad39f",
      "title": "",
      "fullFile": "cypress\\e2e\\login.cy.ts",
      "file": "cypress\\e2e\\login.cy.ts",
      "beforeHooks": [],
      "afterHooks": [],
      "tests": [],
      "suites": [
        {
          "uuid": "1e214c3a-4ac0-4b49-a516-b4362f3520fd",
          "title": "Login page in Kadromierz web-app",
          "fullFile": "",
          "file": "",
          "beforeHooks": [],
          "afterHooks": [],
          "tests": [
            {
              "title": "I should successfully log in with valid credentials",
              "fullTitle": "Login page in Kadromierz web-app I should successfully log in with valid credentials",
              "timedOut": null,
              "duration": 13052,
              "state": "passed",
              "speed": "slow",
              "pass": true,
              "fail": false,
              "pending": false,
              "context": null,
              "code": "cy.login(Cypress.env(\"Login\"), Cypress.env(\"Password\"));\nmainPage.getWelcomeHeader()\n    .should('be.visible')\n    .and('contain', 'Dzień dobry');",
              "err": {},
              "uuid": "b7d1e5fe-26ce-4003-9b08-ef86138ee816",
              "parentUUID": "1e214c3a-4ac0-4b49-a516-b4362f3520fd",
              "isHook": false,
              "skipped": false
            }
          ],
          "suites": [],
          "passes": [
            "b7d1e5fe-26ce-4003-9b08-ef86138ee816"
          ],
          "failures": [],
          "pending": [],
          "skipped": [],
          "duration": 13052,
          "root": false,
          "rootEmpty": false,
          "_timeout": 2000
        }
      ],
      "passes": [],
      "failures": [],
      "pending": [],
      "skipped": [],
      "duration": 0,
      "root": true,
      "rootEmpty": true,
      "_timeout": 2000
    }
  ],
  "meta": {
    "mocha": {
      "version": "7.0.1"
    },
    "mochawesome": {
      "options": {
        "quiet": false,
        "reportFilename": "mochawesome",
        "saveHtml": false,
        "saveJson": true,
        "consoleReporter": "spec",
        "useInlineDiffs": false,
        "code": true
      },
      "version": "7.1.3"
    },
    "marge": {
      "options": {
        "reportDir": "cypress/results/json_reports",
        "overwrite": false,
        "html": false,
        "json": true,
        "screenshotsFolder": "cypress/results/screenshots",
        "attachments": true
      },
      "version": "6.2.0"
    }
  }
}