{
  "stats": {
    "suites": 1,
    "tests": 1,
    "passes": 1,
    "pending": 0,
    "failures": 0,
    "start": "2024-10-28T15:55:42.713Z",
    "end": "2024-10-28T15:56:07.198Z",
    "duration": 24485,
    "testsRegistered": 1,
    "passPercent": 100,
    "pendingPercent": 0,
    "other": 0,
    "hasOther": false,
    "skipped": 0,
    "hasSkipped": false
  },
  "results": [
    {
      "uuid": "69a737e6-1ff8-4609-8238-c612019ea318",
      "title": "",
      "fullFile": "cypress\\e2e\\changeEmployeeSchedule.cy.ts",
      "file": "cypress\\e2e\\changeEmployeeSchedule.cy.ts",
      "beforeHooks": [],
      "afterHooks": [],
      "tests": [],
      "suites": [
        {
          "uuid": "1e253ec5-2f7d-48b6-9382-1da448d9d060",
          "title": "Change employee scheduler",
          "fullFile": "",
          "file": "",
          "beforeHooks": [],
          "afterHooks": [],
          "tests": [
            {
              "title": "It should be possible to make changes in employee scheduler",
              "fullTitle": "Change employee scheduler It should be possible to make changes in employee scheduler",
              "timedOut": null,
              "duration": 18762,
              "state": "passed",
              "speed": "slow",
              "pass": true,
              "fail": false,
              "pending": false,
              "context": null,
              "code": "sideBarMenu.clickScheduleIcon();\ncy.selectDateRange(testData.start, testData.end);\ncy.selectEmployeSchedule({\n    startDate: testData.start,\n    endDate: testData.end,\n    employeeName: testData.employeeName,\n    dayToChange: testData.dayToChange\n});\nschedulePage.selectWorkingHours(testData.hours);",
              "err": {},
              "uuid": "7a5e6f31-95b2-46dc-a7f4-1ee6ed8dd35c",
              "parentUUID": "1e253ec5-2f7d-48b6-9382-1da448d9d060",
              "isHook": false,
              "skipped": false
            }
          ],
          "suites": [],
          "passes": [
            "7a5e6f31-95b2-46dc-a7f4-1ee6ed8dd35c"
          ],
          "failures": [],
          "pending": [],
          "skipped": [],
          "duration": 18762,
          "root": false,
          "rootEmpty": false,
          "_timeout": 2000
        }
      ],
      "passes": [],
      "failures": [],
      "pending": [],
      "skipped": [],
      "duration": 0,
      "root": true,
      "rootEmpty": true,
      "_timeout": 2000
    }
  ],
  "meta": {
    "mocha": {
      "version": "7.0.1"
    },
    "mochawesome": {
      "options": {
        "quiet": false,
        "reportFilename": "mochawesome",
        "saveHtml": false,
        "saveJson": true,
        "consoleReporter": "spec",
        "useInlineDiffs": false,
        "code": true
      },
      "version": "7.1.3"
    },
    "marge": {
      "options": {
        "reportDir": "cypress/results/json_reports",
        "overwrite": false,
        "html": false,
        "json": true,
        "screenshotsFolder": "cypress/results/screenshots",
        "attachments": true
      },
      "version": "6.2.0"
    }
  }
}