{
  "stats": {
    "suites": 1,
    "tests": 3,
    "passes": 3,
    "pending": 0,
    "failures": 0,
    "start": "2024-10-23T19:47:18.033Z",
    "end": "2024-10-23T19:47:56.183Z",
    "duration": 38150,
    "testsRegistered": 3,
    "passPercent": 100,
    "pendingPercent": 0,
    "other": 0,
    "hasOther": false,
    "skipped": 0,
    "hasSkipped": false
  },
  "results": [
    {
      "uuid": "800a2991-e79a-462e-a092-c610b9c40369",
      "title": "",
      "fullFile": "cypress\\e2e\\login.cy.ts",
      "file": "cypress\\e2e\\login.cy.ts",
      "beforeHooks": [],
      "afterHooks": [],
      "tests": [],
      "suites": [
        {
          "uuid": "cc6b4424-edce-4a93-8332-9944ea98f3f2",
          "title": "Login page in Kadromierz web-app",
          "fullFile": "",
          "file": "",
          "beforeHooks": [],
          "afterHooks": [],
          "tests": [
            {
              "title": "I should successfully log in with valid credentials",
              "fullTitle": "Login page in Kadromierz web-app I should successfully log in with valid credentials",
              "timedOut": null,
              "duration": 7095,
              "state": "passed",
              "speed": "medium",
              "pass": true,
              "fail": false,
              "pending": false,
              "context": null,
              "code": "cy.visit('');\ncy.get(loginPage_1.loginField).type(Cypress.env(\"Login\"));\ncy.get(loginPage_1.passwordField).type(Cypress.env(\"Password\"));\ncy.get(loginPage_1.submitButton).click();",
              "err": {},
              "uuid": "0eeab844-6a60-41fd-b2aa-aca5d9a25f02",
              "parentUUID": "cc6b4424-edce-4a93-8332-9944ea98f3f2",
              "isHook": false,
              "skipped": false
            },
            {
              "title": "I should successfully log in with valid credentials",
              "fullTitle": "Login page in Kadromierz web-app I should successfully log in with valid credentials",
              "timedOut": null,
              "duration": 21055,
              "state": "passed",
              "speed": "slow",
              "pass": true,
              "fail": false,
              "pending": false,
              "context": null,
              "code": "cy.login(Cypress.env(\"Login\"), Cypress.env(\"Password\"));",
              "err": {},
              "uuid": "07cdc289-0c79-40c0-b81f-abbbb5a8a347",
              "parentUUID": "cc6b4424-edce-4a93-8332-9944ea98f3f2",
              "isHook": false,
              "skipped": false
            },
            {
              "title": "I can change my password",
              "fullTitle": "Login page in Kadromierz web-app I can change my password",
              "timedOut": null,
              "duration": 9713,
              "state": "passed",
              "speed": "medium",
              "pass": true,
              "fail": false,
              "pending": false,
              "context": null,
              "code": "cy.visit('');\ncy.get(loginPage_1.forgottenPassword).click().then(() => {\n    cy.get(loginPage_1.loginField).should('be.visible');\n    cy.get(loginPage_1.newPasswordButton).should('be.visible');\n});",
              "err": {},
              "uuid": "d02a0755-5202-4ab2-9ebd-f282ab7a3e5f",
              "parentUUID": "cc6b4424-edce-4a93-8332-9944ea98f3f2",
              "isHook": false,
              "skipped": false
            }
          ],
          "suites": [],
          "passes": [
            "0eeab844-6a60-41fd-b2aa-aca5d9a25f02",
            "07cdc289-0c79-40c0-b81f-abbbb5a8a347",
            "d02a0755-5202-4ab2-9ebd-f282ab7a3e5f"
          ],
          "failures": [],
          "pending": [],
          "skipped": [],
          "duration": 37863,
          "root": false,
          "rootEmpty": false,
          "_timeout": 2000
        }
      ],
      "passes": [],
      "failures": [],
      "pending": [],
      "skipped": [],
      "duration": 0,
      "root": true,
      "rootEmpty": true,
      "_timeout": 2000
    }
  ],
  "meta": {
    "mocha": {
      "version": "7.0.1"
    },
    "mochawesome": {
      "options": {
        "quiet": false,
        "reportFilename": "mochawesome",
        "saveHtml": false,
        "saveJson": true,
        "consoleReporter": "spec",
        "useInlineDiffs": false,
        "code": true
      },
      "version": "7.1.3"
    },
    "marge": {
      "options": {
        "reportDir": "cypress/results/json_reports",
        "overwrite": false,
        "html": false,
        "json": true
      },
      "version": "6.2.0"
    }
  }
}