{
  "stats": {
    "suites": 1,
    "tests": 2,
    "passes": 2,
    "pending": 0,
    "failures": 0,
    "start": "2024-11-10T21:25:09.801Z",
    "end": "2024-11-10T21:25:30.057Z",
    "duration": 20256,
    "testsRegistered": 2,
    "passPercent": 100,
    "pendingPercent": 0,
    "other": 0,
    "hasOther": false,
    "skipped": 0,
    "hasSkipped": false
  },
  "results": [
    {
      "uuid": "4c223023-6826-46e2-81ce-200875a98603",
      "title": "",
      "fullFile": "cypress\\e2e\\login.cy.ts",
      "file": "cypress\\e2e\\login.cy.ts",
      "beforeHooks": [],
      "afterHooks": [],
      "tests": [],
      "suites": [
        {
          "uuid": "f6e960cb-deef-4cb5-b9f6-42143e17f63b",
          "title": "Login page in Kadromierz web-app",
          "fullFile": "",
          "file": "",
          "beforeHooks": [],
          "afterHooks": [],
          "tests": [
            {
              "title": "I should successfully log in with valid credentials",
              "fullTitle": "Login page in Kadromierz web-app I should successfully log in with valid credentials",
              "timedOut": null,
              "duration": 13514,
              "state": "passed",
              "speed": "slow",
              "pass": true,
              "fail": false,
              "pending": false,
              "context": null,
              "code": "cy.login(Cypress.env(\"Login\"), Cypress.env(\"Password\"));\nmainPage.getWelcomeHeader()\n    .should('be.visible')\n    .and('contain', 'Dzień dobry');",
              "err": {},
              "uuid": "95f03be8-862c-4a4b-b967-3cdd7b3b9b8e",
              "parentUUID": "f6e960cb-deef-4cb5-b9f6-42143e17f63b",
              "isHook": false,
              "skipped": false
            },
            {
              "title": "Verify incorrect email address error handling with SQL injection",
              "fullTitle": "Login page in Kadromierz web-app Verify incorrect email address error handling with SQL injection",
              "timedOut": null,
              "duration": 6368,
              "state": "passed",
              "speed": "medium",
              "pass": true,
              "fail": false,
              "pending": false,
              "context": null,
              "code": "cy.login(\"' OR 1=1--\", \"admin\");\nloginPage.getFailedLoginMessage()\n    .should('be.visible')\n    .and('contain', 'Podany adres email jest niepoprawny');",
              "err": {},
              "uuid": "95073eb4-f66d-4850-990e-9ed4af16efae",
              "parentUUID": "f6e960cb-deef-4cb5-b9f6-42143e17f63b",
              "isHook": false,
              "skipped": false
            }
          ],
          "suites": [],
          "passes": [
            "95f03be8-862c-4a4b-b967-3cdd7b3b9b8e",
            "95073eb4-f66d-4850-990e-9ed4af16efae"
          ],
          "failures": [],
          "pending": [],
          "skipped": [],
          "duration": 19882,
          "root": false,
          "rootEmpty": false,
          "_timeout": 2000
        }
      ],
      "passes": [],
      "failures": [],
      "pending": [],
      "skipped": [],
      "duration": 0,
      "root": true,
      "rootEmpty": true,
      "_timeout": 2000
    }
  ],
  "meta": {
    "mocha": {
      "version": "7.0.1"
    },
    "mochawesome": {
      "options": {
        "quiet": false,
        "reportFilename": "mochawesome",
        "saveHtml": false,
        "saveJson": true,
        "consoleReporter": "spec",
        "useInlineDiffs": false,
        "code": true
      },
      "version": "7.1.3"
    },
    "marge": {
      "options": {
        "reportDir": "cypress/results/json_reports",
        "overwrite": false,
        "html": false,
        "json": true,
        "screenshotsFolder": "cypress/results/screenshots",
        "attachments": true
      },
      "version": "6.2.0"
    }
  }
}