{
  "stats": {
    "suites": 1,
    "tests": 1,
    "passes": 1,
    "pending": 0,
    "failures": 0,
    "start": "2024-11-10T21:22:30.113Z",
    "end": "2024-11-10T21:23:00.264Z",
    "duration": 30151,
    "testsRegistered": 1,
    "passPercent": 100,
    "pendingPercent": 0,
    "other": 0,
    "hasOther": false,
    "skipped": 0,
    "hasSkipped": false
  },
  "results": [
    {
      "uuid": "e9e60fec-33b4-48be-a80c-2be41d42c4b0",
      "title": "",
      "fullFile": "cypress\\e2e\\addAbsenceRequest.cy.ts",
      "file": "cypress\\e2e\\addAbsenceRequest.cy.ts",
      "beforeHooks": [],
      "afterHooks": [],
      "tests": [],
      "suites": [
        {
          "uuid": "5bbac46a-2e29-49a3-afa2-b4e04cbe03f3",
          "title": "Add absence request",
          "fullFile": "",
          "file": "",
          "beforeHooks": [],
          "afterHooks": [],
          "tests": [
            {
              "title": "It should be possible to add new absence request and accept it",
              "fullTitle": "Add absence request It should be possible to add new absence request and accept it",
              "timedOut": null,
              "duration": 26640,
              "state": "passed",
              "speed": "slow",
              "pass": true,
              "fail": false,
              "pending": false,
              "context": null,
              "code": "sideBarMenu.clickAbsenceIcon();\nabsencePage.clickOnAddAbsenceButton();\ncy.selectDropdownElement({\n    label: absenceData.labelEmployee,\n    value: absenceData.employeeName\n});\ncy.selectDropdownElement({\n    label: absenceData.labelType,\n    value: absenceData.absenceType\n});\ndatePicker.selectAbsenceDateRange(absenceData.start, absenceData.end);\nabsencePage.checkAbsenceRequestSubmitted(absenceData.employeeName)\n    .should('be.visible');\nabsencePage.clickOnAcceptRequestButton(absenceData.employeeName, absenceData.options);\nabsencePage.getConfirmationAbsenceRequest(absenceData.employeeName)\n    .should('be.visible')\n    .and('contain', 'Zaakceptowany');",
              "err": {},
              "uuid": "466097ad-d630-4c7b-99b5-d06c638767b3",
              "parentUUID": "5bbac46a-2e29-49a3-afa2-b4e04cbe03f3",
              "isHook": false,
              "skipped": false
            }
          ],
          "suites": [],
          "passes": [
            "466097ad-d630-4c7b-99b5-d06c638767b3"
          ],
          "failures": [],
          "pending": [],
          "skipped": [],
          "duration": 26640,
          "root": false,
          "rootEmpty": false,
          "_timeout": 2000
        }
      ],
      "passes": [],
      "failures": [],
      "pending": [],
      "skipped": [],
      "duration": 0,
      "root": true,
      "rootEmpty": true,
      "_timeout": 2000
    }
  ],
  "meta": {
    "mocha": {
      "version": "7.0.1"
    },
    "mochawesome": {
      "options": {
        "quiet": false,
        "reportFilename": "mochawesome",
        "saveHtml": false,
        "saveJson": true,
        "consoleReporter": "spec",
        "useInlineDiffs": false,
        "code": true
      },
      "version": "7.1.3"
    },
    "marge": {
      "options": {
        "reportDir": "cypress/results/json_reports",
        "overwrite": false,
        "html": false,
        "json": true,
        "screenshotsFolder": "cypress/results/screenshots",
        "attachments": true
      },
      "version": "6.2.0"
    }
  }
}