{
  "stats": {
    "suites": 5,
    "tests": 7,
    "passes": 6,
    "pending": 0,
    "failures": 1,
    "testsRegistered": 7,
    "passPercent": 85.71428571428571,
    "pendingPercent": 0,
    "other": 0,
    "hasOther": false,
    "skipped": 0,
    "hasSkipped": false,
    "start": "2024-12-01T11:49:58.677Z",
    "end": "2024-12-01T11:52:34.768Z",
    "duration": 156091
  },
  "results": [
    {
      "uuid": "b84c59b5-c8fa-4b6f-bacd-08444f1785c7",
      "title": "",
      "fullFile": "cypress\\e2e\\addNewEmployee.cy.ts",
      "file": "cypress\\e2e\\addNewEmployee.cy.ts",
      "beforeHooks": [],
      "afterHooks": [],
      "tests": [],
      "suites": [
        {
          "uuid": "a4815020-e953-41d0-8b16-1ffd45229ea7",
          "title": "Adding new employee functionality in 'Moja Firma' menu",
          "fullFile": "",
          "file": "",
          "beforeHooks": [],
          "afterHooks": [],
          "tests": [
            {
              "title": "It should be possible to add new employee via side bar's menu 'Moja Firma' ",
              "fullTitle": "Adding new employee functionality in 'Moja Firma' menu It should be possible to add new employee via side bar's menu 'Moja Firma' ",
              "timedOut": null,
              "duration": 19000,
              "state": "passed",
              "speed": "slow",
              "pass": true,
              "fail": false,
              "pending": false,
              "context": null,
              "code": "sideBarMenu.clickCompanyManageIcon();\naddEmployee.clickAddEmployeeButton();\naddEmployee.addEmployeeCredentials(testData.firstName, testData.lastName);\ncy.selectDropdownElement({\n    label: testData.labelRole,\n    value: testData.role\n});\naddEmployee.selectLocation(testData.location);\naddEmployee.selectJob(testData.job);\naddEmployee.clickOnSaveButton();\naddEmployee.checkAddedEmployee(testData.lastName)\n    .should('contain', `${testData.lastName}`);",
              "err": {},
              "uuid": "03a8c4be-2de1-43d6-b86a-9b927c03690a",
              "parentUUID": "a4815020-e953-41d0-8b16-1ffd45229ea7",
              "isHook": false,
              "skipped": false
            }
          ],
          "suites": [],
          "passes": [
            "03a8c4be-2de1-43d6-b86a-9b927c03690a"
          ],
          "failures": [],
          "pending": [],
          "skipped": [],
          "duration": 19000,
          "root": false,
          "rootEmpty": false,
          "_timeout": 2000
        },
        {
          "uuid": "657f8c76-2e2e-40e2-9cbb-758538fa4787",
          "title": "Adding new employee via API request",
          "fullFile": "",
          "file": "",
          "beforeHooks": [],
          "afterHooks": [],
          "tests": [
            {
              "title": "It should be possible to add new employee via API request",
              "fullTitle": "Adding new employee via API request It should be possible to add new employee via API request",
              "timedOut": null,
              "duration": 415,
              "state": "failed",
              "speed": null,
              "pass": false,
              "fail": true,
              "pending": false,
              "context": null,
              "code": "API_1.API.addNewEmployee()\n    .then((response) => {\n    expect(response.status).to.eq(200);\n    expect(response.body.first_name).to.eq('Jan');\n    expect(response.body.last_name).to.eq('Testowy');\n    expect(response.body.role).to.eq('Pracownik');\n    expect(response.body.role_id).to.eq('employee');\n    expect(response.body.company_id).to.eq('29241');\n});",
              "err": {
                "message": "AssertionError: expected 401 to equal 200",
                "estack": "AssertionError: expected 401 to equal 200\n    at Context.eval (webpack://kadromierz-test-automation/./cypress/e2e/addNewEmployee.cy.ts:48:0)",
                "diff": "- 401\n+ 200\n"
              },
              "uuid": "2c2f1c9b-c6c2-471b-afcd-91d4744faa96",
              "parentUUID": "657f8c76-2e2e-40e2-9cbb-758538fa4787",
              "isHook": false,
              "skipped": false
            }
          ],
          "suites": [],
          "passes": [],
          "failures": [
            "2c2f1c9b-c6c2-471b-afcd-91d4744faa96"
          ],
          "pending": [],
          "skipped": [],
          "duration": 415,
          "root": false,
          "rootEmpty": false,
          "_timeout": 2000
        }
      ],
      "passes": [],
      "failures": [],
      "pending": [],
      "skipped": [],
      "duration": 0,
      "root": true,
      "rootEmpty": true,
      "_timeout": 2000
    },
    {
      "uuid": "702c5279-03f0-4934-a56d-2595327bc4a6",
      "title": "",
      "fullFile": "cypress\\e2e\\changeEmployeeSchedule.cy.ts",
      "file": "cypress\\e2e\\changeEmployeeSchedule.cy.ts",
      "beforeHooks": [],
      "afterHooks": [],
      "tests": [],
      "suites": [
        {
          "uuid": "cf1bf8d0-9abf-42d3-a1e8-67fbcb5fa9c9",
          "title": "Change employee schedule",
          "fullFile": "",
          "file": "",
          "beforeHooks": [],
          "afterHooks": [],
          "tests": [
            {
              "title": "It should be possible to make changes in employee schedule",
              "fullTitle": "Change employee schedule It should be possible to make changes in employee schedule",
              "timedOut": null,
              "duration": 21882,
              "state": "passed",
              "speed": "slow",
              "pass": true,
              "fail": false,
              "pending": false,
              "context": null,
              "code": "sideBarMenu.clickScheduleIcon();\ndatePicker.selectWorkScheduleDateRange(testData.start, testData.end);\nscheduleTable.selectSchedule({\n    startDate: testData.start,\n    endDate: testData.end,\n    employeeName: testData.employeeName,\n    dayToChange: testData.dayToChange\n});\nschedulePage.selectWorkingHours(testData.hours);\nschedulePage.verifyChanges(testData.employeeName)\n    .should('be.visible');",
              "err": {},
              "uuid": "d7d5c1fe-43a1-4054-bb2e-5399bd59733f",
              "parentUUID": "cf1bf8d0-9abf-42d3-a1e8-67fbcb5fa9c9",
              "isHook": false,
              "skipped": false
            }
          ],
          "suites": [],
          "passes": [
            "d7d5c1fe-43a1-4054-bb2e-5399bd59733f"
          ],
          "failures": [],
          "pending": [],
          "skipped": [],
          "duration": 21882,
          "root": false,
          "rootEmpty": false,
          "_timeout": 2000
        }
      ],
      "passes": [],
      "failures": [],
      "pending": [],
      "skipped": [],
      "duration": 0,
      "root": true,
      "rootEmpty": true,
      "_timeout": 2000
    },
    {
      "uuid": "d643cb21-35a2-451f-a547-195383e06e31",
      "title": "",
      "fullFile": "cypress\\e2e\\exportReports.cy.ts",
      "file": "cypress\\e2e\\exportReports.cy.ts",
      "beforeHooks": [],
      "afterHooks": [],
      "tests": [],
      "suites": [
        {
          "uuid": "6f7e74ee-7e14-4780-8343-7ecfaebc1a16",
          "title": "Download a working time report",
          "fullFile": "",
          "file": "",
          "beforeHooks": [],
          "afterHooks": [],
          "tests": [
            {
              "title": "It should be possible to go to exports and generate working time report",
              "fullTitle": "Download a working time report It should be possible to go to exports and generate working time report",
              "timedOut": null,
              "duration": 28313,
              "state": "passed",
              "speed": "slow",
              "pass": true,
              "fail": false,
              "pending": false,
              "context": null,
              "code": "sideBarMenu.clickMenuExportIcon();\ncy.generateReport(test_data_1.REPORTS.SUMMARY_TIME_REPORT);\ndatePicker.selectReportDateRange(testData.start, testData.end);\nreportPage.clickClearEmployeeFilter();\nreportPage.clickSelectEmployee();\nreportPage.selectEmployee(testData.employeeName);\nreportPage.checkAllCheckboxes();\nreportPage.clickConfirmExport();\nreportPage.clickOnDownloadWidget();\ncy.compareExcelFiles(compareExcelFiles_1.paths.template, compareExcelFiles_1.paths.downloaded);\nreportPage.clickOnHistoryHeader();\nreportPage.findGeneratedReport(testData.start, testData.end).should('be.visible');",
              "err": {},
              "uuid": "9051be4d-9a11-4339-bcec-5fd4c1a9c8cb",
              "parentUUID": "6f7e74ee-7e14-4780-8343-7ecfaebc1a16",
              "isHook": false,
              "skipped": false
            }
          ],
          "suites": [],
          "passes": [
            "9051be4d-9a11-4339-bcec-5fd4c1a9c8cb"
          ],
          "failures": [],
          "pending": [],
          "skipped": [],
          "duration": 28313,
          "root": false,
          "rootEmpty": false,
          "_timeout": 2000
        }
      ],
      "passes": [],
      "failures": [],
      "pending": [],
      "skipped": [],
      "duration": 0,
      "root": true,
      "rootEmpty": true,
      "_timeout": 2000
    },
    {
      "uuid": "53e7cbff-9693-46ce-8113-da32f7533040",
      "title": "",
      "fullFile": "cypress\\e2e\\login.cy.ts",
      "file": "cypress\\e2e\\login.cy.ts",
      "beforeHooks": [],
      "afterHooks": [],
      "tests": [],
      "suites": [
        {
          "uuid": "7347f300-5d12-44b4-9bb2-e03135dde8f0",
          "title": "Login page in Kadromierz web-app",
          "fullFile": "",
          "file": "",
          "beforeHooks": [],
          "afterHooks": [],
          "tests": [
            {
              "title": "I should successfully log in with valid credentials",
              "fullTitle": "Login page in Kadromierz web-app I should successfully log in with valid credentials",
              "timedOut": null,
              "duration": 13209,
              "state": "passed",
              "speed": "slow",
              "pass": true,
              "fail": false,
              "pending": false,
              "context": null,
              "code": "cy.login(Cypress.env(\"Login\"), Cypress.env(\"Password\"));\nmainPage.getWelcomeHeader()\n    .should('be.visible')\n    .and('contain', 'Dzień dobry');",
              "err": {},
              "uuid": "f4ec363f-9089-4af6-94db-0bcaea2f3897",
              "parentUUID": "7347f300-5d12-44b4-9bb2-e03135dde8f0",
              "isHook": false,
              "skipped": false
            },
            {
              "title": "Verify incorrect email address error handling with SQL injection",
              "fullTitle": "Login page in Kadromierz web-app Verify incorrect email address error handling with SQL injection",
              "timedOut": null,
              "duration": 3198,
              "state": "passed",
              "speed": "fast",
              "pass": true,
              "fail": false,
              "pending": false,
              "context": null,
              "code": "cy.login(\"' OR 1=1--\", \"admin\");\nloginPage.getFailedLoginMessage()\n    .should('be.visible')\n    .and('contain', 'Podany adres email jest niepoprawny');",
              "err": {},
              "uuid": "f4a0a52b-517c-4c16-b288-bd35935e5b95",
              "parentUUID": "7347f300-5d12-44b4-9bb2-e03135dde8f0",
              "isHook": false,
              "skipped": false
            }
          ],
          "suites": [],
          "passes": [
            "f4ec363f-9089-4af6-94db-0bcaea2f3897",
            "f4a0a52b-517c-4c16-b288-bd35935e5b95"
          ],
          "failures": [],
          "pending": [],
          "skipped": [],
          "duration": 16407,
          "root": false,
          "rootEmpty": false,
          "_timeout": 2000
        }
      ],
      "passes": [],
      "failures": [],
      "pending": [],
      "skipped": [],
      "duration": 0,
      "root": true,
      "rootEmpty": true,
      "_timeout": 2000
    },
    {
      "uuid": "71e3c6f2-0f84-4c02-b3d3-8fe9092ff919",
      "title": "",
      "fullFile": "cypress\\e2e\\addAbsenceRequest.cy.ts",
      "file": "cypress\\e2e\\addAbsenceRequest.cy.ts",
      "beforeHooks": [],
      "afterHooks": [],
      "tests": [],
      "suites": [
        {
          "uuid": "293fb6bb-d7f1-4a69-af03-86060af39f7a",
          "title": "Add absence request",
          "fullFile": "",
          "file": "",
          "beforeHooks": [],
          "afterHooks": [],
          "tests": [
            {
              "title": "It should be possible to add new absence request and accept it",
              "fullTitle": "Add absence request It should be possible to add new absence request and accept it",
              "timedOut": null,
              "duration": 27843,
              "state": "passed",
              "speed": "slow",
              "pass": true,
              "fail": false,
              "pending": false,
              "context": null,
              "code": "sideBarMenu.clickAbsenceIcon();\nabsencePage.clickOnAddAbsenceButton();\ncy.selectDropdownElement({\n    label: absenceData.labelEmployee,\n    value: absenceData.employeeName\n});\ncy.selectDropdownElement({\n    label: absenceData.labelType,\n    value: absenceData.absenceType\n});\ndatePicker.selectAbsenceDateRange(absenceData.start, absenceData.end);\nabsencePage.checkAbsenceRequestSubmitted(absenceData.employeeName)\n    .should('be.visible');\nabsencePage.clickOnAcceptRequestButton(absenceData.employeeName, absenceData.options);\nabsencePage.getConfirmationAbsenceRequest(absenceData.employeeName)\n    .should('be.visible')\n    .and('contain', 'Zaakceptowany');",
              "err": {},
              "uuid": "f23cbe2b-c628-4a5c-b1bf-69733d4818f9",
              "parentUUID": "293fb6bb-d7f1-4a69-af03-86060af39f7a",
              "isHook": false,
              "skipped": false
            }
          ],
          "suites": [],
          "passes": [
            "f23cbe2b-c628-4a5c-b1bf-69733d4818f9"
          ],
          "failures": [],
          "pending": [],
          "skipped": [],
          "duration": 27843,
          "root": false,
          "rootEmpty": false,
          "_timeout": 2000
        }
      ],
      "passes": [],
      "failures": [],
      "pending": [],
      "skipped": [],
      "duration": 0,
      "root": true,
      "rootEmpty": true,
      "_timeout": 2000
    }
  ],
  "meta": {
    "mocha": {
      "version": "7.0.1"
    },
    "mochawesome": {
      "options": {
        "quiet": false,
        "reportFilename": "mochawesome",
        "saveHtml": false,
        "saveJson": true,
        "consoleReporter": "spec",
        "useInlineDiffs": false,
        "code": true
      },
      "version": "7.1.3"
    },
    "marge": {
      "options": {
        "reportDir": "cypress/results/json_reports",
        "overwrite": false,
        "html": false,
        "json": true,
        "screenshotsFolder": "cypress/results/screenshots",
        "attachments": true
      },
      "version": "6.2.0"
    }
  }
}