{
  "stats": {
    "suites": 5,
    "tests": 7,
    "passes": 6,
    "pending": 0,
    "failures": 1,
    "testsRegistered": 7,
    "passPercent": 85.71428571428571,
    "pendingPercent": 0,
    "other": 0,
    "hasOther": false,
    "skipped": 0,
    "hasSkipped": false,
    "start": "2024-11-10T21:22:30.113Z",
    "end": "2024-11-10T21:25:30.057Z",
    "duration": 179944
  },
  "results": [
    {
      "uuid": "61cc09f3-c392-432a-9173-60a34a82cf11",
      "title": "",
      "fullFile": "cypress\\e2e\\addNewEmployee.cy.ts",
      "file": "cypress\\e2e\\addNewEmployee.cy.ts",
      "beforeHooks": [],
      "afterHooks": [],
      "tests": [],
      "suites": [
        {
          "uuid": "efdab0ed-60d5-47a4-89af-94e148709ba6",
          "title": "Adding new employee functionality in 'Moja Firma' menu",
          "fullFile": "",
          "file": "",
          "beforeHooks": [],
          "afterHooks": [],
          "tests": [
            {
              "title": "It should be possible to add new employee via side bar's menu 'Moja Firma' ",
              "fullTitle": "Adding new employee functionality in 'Moja Firma' menu It should be possible to add new employee via side bar's menu 'Moja Firma' ",
              "timedOut": null,
              "duration": 23426,
              "state": "passed",
              "speed": "slow",
              "pass": true,
              "fail": false,
              "pending": false,
              "context": null,
              "code": "sideBarMenu.clickCompanyManageIcon();\naddEmployee.clickAddEmployeeButton();\naddEmployee.addEmployeeCredentials(testData.firstName, testData.lastName);\ncy.selectDropdownElement({\n    label: testData.labelRole,\n    value: testData.role\n});\naddEmployee.selectLocation(testData.location);\naddEmployee.selectJob(testData.job);\naddEmployee.clickOnSaveButton();\naddEmployee.checkAddedEmployee(testData.lastName)\n    .should('contain', `${testData.lastName}`);",
              "err": {},
              "uuid": "e7f03401-e953-4d93-a346-ec3b1d0e50cf",
              "parentUUID": "efdab0ed-60d5-47a4-89af-94e148709ba6",
              "isHook": false,
              "skipped": false
            }
          ],
          "suites": [],
          "passes": [
            "e7f03401-e953-4d93-a346-ec3b1d0e50cf"
          ],
          "failures": [],
          "pending": [],
          "skipped": [],
          "duration": 23426,
          "root": false,
          "rootEmpty": false,
          "_timeout": 2000
        },
        {
          "uuid": "e51cdd72-622b-4122-9761-a98717f9c646",
          "title": "Adding new employee via API request",
          "fullFile": "",
          "file": "",
          "beforeHooks": [],
          "afterHooks": [],
          "tests": [
            {
              "title": "It should be possible to add new employee via API request",
              "fullTitle": "Adding new employee via API request It should be possible to add new employee via API request",
              "timedOut": null,
              "duration": 778,
              "state": "failed",
              "speed": null,
              "pass": false,
              "fail": true,
              "pending": false,
              "context": null,
              "code": "API_1.API.addNewEmployee()\n    .then((response) => {\n    expect(response.status).to.eq(200);\n    expect(response.body.first_name).to.eq('Jan');\n    expect(response.body.last_name).to.eq('Testowy');\n    expect(response.body.role).to.eq('Pracownik');\n    expect(response.body.role_id).to.eq('employee');\n    expect(response.body.company_id).to.eq('29241');\n});",
              "err": {
                "message": "AssertionError: expected 500 to equal 200",
                "estack": "AssertionError: expected 500 to equal 200\n    at Context.eval (webpack://kadromierz-test-automation/./cypress/e2e/addNewEmployee.cy.ts:49:0)",
                "diff": "- 500\n+ 200\n"
              },
              "uuid": "b75e6187-d90c-45f6-8e1e-411d3a1da642",
              "parentUUID": "e51cdd72-622b-4122-9761-a98717f9c646",
              "isHook": false,
              "skipped": false
            }
          ],
          "suites": [],
          "passes": [],
          "failures": [
            "b75e6187-d90c-45f6-8e1e-411d3a1da642"
          ],
          "pending": [],
          "skipped": [],
          "duration": 778,
          "root": false,
          "rootEmpty": false,
          "_timeout": 2000
        }
      ],
      "passes": [],
      "failures": [],
      "pending": [],
      "skipped": [],
      "duration": 0,
      "root": true,
      "rootEmpty": true,
      "_timeout": 2000
    },
    {
      "uuid": "e74ee83c-32c2-46ea-a0a3-0d95bd07fbab",
      "title": "",
      "fullFile": "cypress\\e2e\\changeEmployeeSchedule.cy.ts",
      "file": "cypress\\e2e\\changeEmployeeSchedule.cy.ts",
      "beforeHooks": [],
      "afterHooks": [],
      "tests": [],
      "suites": [
        {
          "uuid": "b883423d-90ec-4a58-9160-743ec3243f1a",
          "title": "Change employee schedule",
          "fullFile": "",
          "file": "",
          "beforeHooks": [],
          "afterHooks": [],
          "tests": [
            {
              "title": "It should be possible to make changes in employee schedule",
              "fullTitle": "Change employee schedule It should be possible to make changes in employee schedule",
              "timedOut": null,
              "duration": 25972,
              "state": "passed",
              "speed": "slow",
              "pass": true,
              "fail": false,
              "pending": false,
              "context": null,
              "code": "sideBarMenu.clickScheduleIcon();\ndatePicker.selectWorkScheduleDateRange(testData.start, testData.end);\nscheduleTable.selectSchedule({\n    startDate: testData.start,\n    endDate: testData.end,\n    employeeName: testData.employeeName,\n    dayToChange: testData.dayToChange\n});\nschedulePage.selectWorkingHours(testData.hours);\nschedulePage.verifyChanges(testData.employeeName)\n    .should('be.visible');",
              "err": {},
              "uuid": "575d5302-2058-43f5-8d86-ce610fd464cd",
              "parentUUID": "b883423d-90ec-4a58-9160-743ec3243f1a",
              "isHook": false,
              "skipped": false
            }
          ],
          "suites": [],
          "passes": [
            "575d5302-2058-43f5-8d86-ce610fd464cd"
          ],
          "failures": [],
          "pending": [],
          "skipped": [],
          "duration": 25972,
          "root": false,
          "rootEmpty": false,
          "_timeout": 2000
        }
      ],
      "passes": [],
      "failures": [],
      "pending": [],
      "skipped": [],
      "duration": 0,
      "root": true,
      "rootEmpty": true,
      "_timeout": 2000
    },
    {
      "uuid": "e70e0a9b-996b-4f73-99a1-a09829c64d40",
      "title": "",
      "fullFile": "cypress\\e2e\\exportReports.cy.ts",
      "file": "cypress\\e2e\\exportReports.cy.ts",
      "beforeHooks": [],
      "afterHooks": [],
      "tests": [],
      "suites": [
        {
          "uuid": "08385acd-fecc-4743-a971-d64f44d8669a",
          "title": "Download a working time report",
          "fullFile": "",
          "file": "",
          "beforeHooks": [],
          "afterHooks": [],
          "tests": [
            {
              "title": "It should be possible to go to exports and generate working time report",
              "fullTitle": "Download a working time report It should be possible to go to exports and generate working time report",
              "timedOut": null,
              "duration": 31722,
              "state": "passed",
              "speed": "slow",
              "pass": true,
              "fail": false,
              "pending": false,
              "context": null,
              "code": "sideBarMenu.clickMenuExportIcon();\ncy.generateReport(test_data_1.REPORTS.SUMMARY_TIME_REPORT);\ndatePicker.selectReportDateRange(testData.start, testData.end);\nreportPage.clickClearEmployeeFilter();\nreportPage.clickSelectEmployee();\nreportPage.selectEmployee(testData.employeeName);\nreportPage.checkAllCheckboxes();\nreportPage.clickConfirmExport();\nreportPage.clickOnDownloadWidget();\ncy.compareExcelFiles(compareExcelFiles_1.paths.template, compareExcelFiles_1.paths.downloaded);\nreportPage.clickOnHistoryHeader();\nreportPage.findGeneratedReport(testData.start, testData.end).should('be.visible');",
              "err": {},
              "uuid": "428f2e6f-64d1-4c43-a5b8-90d6b63d826a",
              "parentUUID": "08385acd-fecc-4743-a971-d64f44d8669a",
              "isHook": false,
              "skipped": false
            }
          ],
          "suites": [],
          "passes": [
            "428f2e6f-64d1-4c43-a5b8-90d6b63d826a"
          ],
          "failures": [],
          "pending": [],
          "skipped": [],
          "duration": 31722,
          "root": false,
          "rootEmpty": false,
          "_timeout": 2000
        }
      ],
      "passes": [],
      "failures": [],
      "pending": [],
      "skipped": [],
      "duration": 0,
      "root": true,
      "rootEmpty": true,
      "_timeout": 2000
    },
    {
      "uuid": "4c223023-6826-46e2-81ce-200875a98603",
      "title": "",
      "fullFile": "cypress\\e2e\\login.cy.ts",
      "file": "cypress\\e2e\\login.cy.ts",
      "beforeHooks": [],
      "afterHooks": [],
      "tests": [],
      "suites": [
        {
          "uuid": "f6e960cb-deef-4cb5-b9f6-42143e17f63b",
          "title": "Login page in Kadromierz web-app",
          "fullFile": "",
          "file": "",
          "beforeHooks": [],
          "afterHooks": [],
          "tests": [
            {
              "title": "I should successfully log in with valid credentials",
              "fullTitle": "Login page in Kadromierz web-app I should successfully log in with valid credentials",
              "timedOut": null,
              "duration": 13514,
              "state": "passed",
              "speed": "slow",
              "pass": true,
              "fail": false,
              "pending": false,
              "context": null,
              "code": "cy.login(Cypress.env(\"Login\"), Cypress.env(\"Password\"));\nmainPage.getWelcomeHeader()\n    .should('be.visible')\n    .and('contain', 'Dzień dobry');",
              "err": {},
              "uuid": "95f03be8-862c-4a4b-b967-3cdd7b3b9b8e",
              "parentUUID": "f6e960cb-deef-4cb5-b9f6-42143e17f63b",
              "isHook": false,
              "skipped": false
            },
            {
              "title": "Verify incorrect email address error handling with SQL injection",
              "fullTitle": "Login page in Kadromierz web-app Verify incorrect email address error handling with SQL injection",
              "timedOut": null,
              "duration": 6368,
              "state": "passed",
              "speed": "medium",
              "pass": true,
              "fail": false,
              "pending": false,
              "context": null,
              "code": "cy.login(\"' OR 1=1--\", \"admin\");\nloginPage.getFailedLoginMessage()\n    .should('be.visible')\n    .and('contain', 'Podany adres email jest niepoprawny');",
              "err": {},
              "uuid": "95073eb4-f66d-4850-990e-9ed4af16efae",
              "parentUUID": "f6e960cb-deef-4cb5-b9f6-42143e17f63b",
              "isHook": false,
              "skipped": false
            }
          ],
          "suites": [],
          "passes": [
            "95f03be8-862c-4a4b-b967-3cdd7b3b9b8e",
            "95073eb4-f66d-4850-990e-9ed4af16efae"
          ],
          "failures": [],
          "pending": [],
          "skipped": [],
          "duration": 19882,
          "root": false,
          "rootEmpty": false,
          "_timeout": 2000
        }
      ],
      "passes": [],
      "failures": [],
      "pending": [],
      "skipped": [],
      "duration": 0,
      "root": true,
      "rootEmpty": true,
      "_timeout": 2000
    },
    {
      "uuid": "e9e60fec-33b4-48be-a80c-2be41d42c4b0",
      "title": "",
      "fullFile": "cypress\\e2e\\addAbsenceRequest.cy.ts",
      "file": "cypress\\e2e\\addAbsenceRequest.cy.ts",
      "beforeHooks": [],
      "afterHooks": [],
      "tests": [],
      "suites": [
        {
          "uuid": "5bbac46a-2e29-49a3-afa2-b4e04cbe03f3",
          "title": "Add absence request",
          "fullFile": "",
          "file": "",
          "beforeHooks": [],
          "afterHooks": [],
          "tests": [
            {
              "title": "It should be possible to add new absence request and accept it",
              "fullTitle": "Add absence request It should be possible to add new absence request and accept it",
              "timedOut": null,
              "duration": 26640,
              "state": "passed",
              "speed": "slow",
              "pass": true,
              "fail": false,
              "pending": false,
              "context": null,
              "code": "sideBarMenu.clickAbsenceIcon();\nabsencePage.clickOnAddAbsenceButton();\ncy.selectDropdownElement({\n    label: absenceData.labelEmployee,\n    value: absenceData.employeeName\n});\ncy.selectDropdownElement({\n    label: absenceData.labelType,\n    value: absenceData.absenceType\n});\ndatePicker.selectAbsenceDateRange(absenceData.start, absenceData.end);\nabsencePage.checkAbsenceRequestSubmitted(absenceData.employeeName)\n    .should('be.visible');\nabsencePage.clickOnAcceptRequestButton(absenceData.employeeName, absenceData.options);\nabsencePage.getConfirmationAbsenceRequest(absenceData.employeeName)\n    .should('be.visible')\n    .and('contain', 'Zaakceptowany');",
              "err": {},
              "uuid": "466097ad-d630-4c7b-99b5-d06c638767b3",
              "parentUUID": "5bbac46a-2e29-49a3-afa2-b4e04cbe03f3",
              "isHook": false,
              "skipped": false
            }
          ],
          "suites": [],
          "passes": [
            "466097ad-d630-4c7b-99b5-d06c638767b3"
          ],
          "failures": [],
          "pending": [],
          "skipped": [],
          "duration": 26640,
          "root": false,
          "rootEmpty": false,
          "_timeout": 2000
        }
      ],
      "passes": [],
      "failures": [],
      "pending": [],
      "skipped": [],
      "duration": 0,
      "root": true,
      "rootEmpty": true,
      "_timeout": 2000
    }
  ],
  "meta": {
    "mocha": {
      "version": "7.0.1"
    },
    "mochawesome": {
      "options": {
        "quiet": false,
        "reportFilename": "mochawesome",
        "saveHtml": false,
        "saveJson": true,
        "consoleReporter": "spec",
        "useInlineDiffs": false,
        "code": true
      },
      "version": "7.1.3"
    },
    "marge": {
      "options": {
        "reportDir": "cypress/results/json_reports",
        "overwrite": false,
        "html": false,
        "json": true,
        "screenshotsFolder": "cypress/results/screenshots",
        "attachments": true
      },
      "version": "6.2.0"
    }
  }
}